This is pdfTeX, Version 3.141592653-2.6-1.40.23 (TeX Live 2021/W32TeX) (preloaded format=pdflatex 2021.10.17)  3 DEC 2021 21:30
entering extended mode
 restricted \write18 enabled.
 file:line:error style messages enabled.
 %&-line parsing enabled.
**d:/prace/neuralNetworks/list4/report/raport.tex
(d:/prace/neuralNetworks/list4/report/raport.tex
LaTeX2e <2021-06-01> patch level 1
L3 programming layer <2021-10-12> (c:/texlive/2021/texmf-dist/tex/latex/base/article.cls
Document Class: article 2021/02/12 v1.4n Standard LaTeX document class
(c:/texlive/2021/texmf-dist/tex/latex/base/size10.clo
File: size10.clo 2021/02/12 v1.4n Standard LaTeX file (size option)
)
\c@part=\count182
\c@section=\count183
\c@subsection=\count184
\c@subsubsection=\count185
\c@paragraph=\count186
\c@subparagraph=\count187
\c@figure=\count188
\c@table=\count189
\abovecaptionskip=\skip47
\belowcaptionskip=\skip48
\bibindent=\dimen138
) (./nips_2017.sty
Package: nips_2017 2017/03/20 NIPS 2017 submission/camera-ready style file
 (c:/texlive/2021/texmf-dist/tex/latex/natbib/natbib.sty
Package: natbib 2010/09/13 8.31b (PWD, AO)
\bibhang=\skip49
\bibsep=\skip50
LaTeX Info: Redefining \cite on input line 694.
\c@NAT@ctr=\count190
) (c:/texlive/2021/texmf-dist/tex/latex/geometry/geometry.sty
Package: geometry 2020/01/02 v5.9 Page Geometry
 (c:/texlive/2021/texmf-dist/tex/latex/graphics/keyval.sty
Package: keyval 2014/10/28 v1.15 key=value parser (DPC)
\KV@toks@=\toks16
) (c:/texlive/2021/texmf-dist/tex/generic/iftex/ifvtex.sty
Package: ifvtex 2019/10/25 v1.7 ifvtex legacy package. Use iftex instead.
 (c:/texlive/2021/texmf-dist/tex/generic/iftex/iftex.sty
Package: iftex 2020/03/06 v1.0d TeX engine tests
))
\Gm@cnth=\count191
\Gm@cntv=\count192
\c@Gm@tempcnt=\count193
\Gm@bindingoffset=\dimen139
\Gm@wd@mp=\dimen140
\Gm@odd@mp=\dimen141
\Gm@even@mp=\dimen142
\Gm@layoutwidth=\dimen143
\Gm@layoutheight=\dimen144
\Gm@layouthoffset=\dimen145
\Gm@layoutvoffset=\dimen146
\Gm@dimlist=\toks17
)
\@nipsabovecaptionskip=\skip51
\@nipsbelowcaptionskip=\skip52
) (c:/texlive/2021/texmf-dist/tex/generic/babel/babel.sty
Package: babel 2021/10/13 3.64 The Babel package
\babel@savecnt=\count194
\U@D=\dimen147
\l@unhyphenated=\language87
 (c:/texlive/2021/texmf-dist/tex/generic/babel/txtbabel.def)
\bbl@readstream=\read2
\bbl@dirlevel=\count195
 (c:/texlive/2021/texmf-dist/tex/generic/babel-polish/polish.ldf
Language: polish 2005/03/31 v1.2l Polish support from the babel system
Package babel Info: Making " an active character on input line 83.
\pl@left=\dimen148
\pl@down=\dimen149
\pl@right=\dimen150
\pl@temp=\dimen151
) (c:/texlive/2021/texmf-dist/tex/generic/babel-polish/polish.ldf
Language: polish 2005/03/31 v1.2l Polish support from the babel system
)) (c:/texlive/2021/texmf-dist/tex/latex/base/inputenc.sty
Package: inputenc 2021/02/14 v1.3d Input encoding file
\inpenc@prehook=\toks18
\inpenc@posthook=\toks19
) (c:/texlive/2021/texmf-dist/tex/latex/base/fontenc.sty
Package: fontenc 2021/04/29 v2.0v Standard LaTeX package
LaTeX Font Info:    Trying to load font information for T1+ptm on input line 112.
 (c:/texlive/2021/texmf-dist/tex/latex/psnfss/t1ptm.fd
File: t1ptm.fd 2001/06/04 font definitions for T1/ptm.
)) (c:/texlive/2021/texmf-dist/tex/latex/hyperref/hyperref.sty
Package: hyperref 2021-06-07 v7.00m Hypertext links for LaTeX
 (c:/texlive/2021/texmf-dist/tex/generic/ltxcmds/ltxcmds.sty
Package: ltxcmds 2020-05-10 v1.25 LaTeX kernel commands for general use (HO)
) (c:/texlive/2021/texmf-dist/tex/generic/pdftexcmds/pdftexcmds.sty
Package: pdftexcmds 2020-06-27 v0.33 Utility functions of pdfTeX for LuaTeX (HO)
 (c:/texlive/2021/texmf-dist/tex/generic/infwarerr/infwarerr.sty
Package: infwarerr 2019/12/03 v1.5 Providing info/warning/error messages (HO)
)
Package pdftexcmds Info: \pdf@primitive is available.
Package pdftexcmds Info: \pdf@ifprimitive is available.
Package pdftexcmds Info: \pdfdraftmode found.
) (c:/texlive/2021/texmf-dist/tex/generic/kvsetkeys/kvsetkeys.sty
Package: kvsetkeys 2019/12/15 v1.18 Key value parser (HO)
) (c:/texlive/2021/texmf-dist/tex/generic/kvdefinekeys/kvdefinekeys.sty
Package: kvdefinekeys 2019-12-19 v1.6 Define keys (HO)
) (c:/texlive/2021/texmf-dist/tex/generic/pdfescape/pdfescape.sty
Package: pdfescape 2019/12/09 v1.15 Implements pdfTeX's escape features (HO)
) (c:/texlive/2021/texmf-dist/tex/latex/hycolor/hycolor.sty
Package: hycolor 2020-01-27 v1.10 Color options for hyperref/bookmark (HO)
) (c:/texlive/2021/texmf-dist/tex/latex/letltxmacro/letltxmacro.sty
Package: letltxmacro 2019/12/03 v1.6 Let assignment for LaTeX macros (HO)
) (c:/texlive/2021/texmf-dist/tex/latex/auxhook/auxhook.sty
Package: auxhook 2019-12-17 v1.6 Hooks for auxiliary files (HO)
) (c:/texlive/2021/texmf-dist/tex/latex/kvoptions/kvoptions.sty
Package: kvoptions 2020-10-07 v3.14 Key value format for package options (HO)
)
\@linkdim=\dimen152
\Hy@linkcounter=\count196
\Hy@pagecounter=\count197
 (c:/texlive/2021/texmf-dist/tex/latex/hyperref/pd1enc.def
File: pd1enc.def 2021-06-07 v7.00m Hyperref: PDFDocEncoding definition (HO)
Now handling font encoding PD1 ...
... no UTF-8 mapping file for font encoding PD1
) (c:/texlive/2021/texmf-dist/tex/latex/hyperref/hyperref-langpatches.def
File: hyperref-langpatches.def 2021-06-07 v7.00m Hyperref: patches for babel languages
) (c:/texlive/2021/texmf-dist/tex/generic/intcalc/intcalc.sty
Package: intcalc 2019/12/15 v1.3 Expandable calculations with integers (HO)
) (c:/texlive/2021/texmf-dist/tex/generic/etexcmds/etexcmds.sty
Package: etexcmds 2019/12/15 v1.7 Avoid name clashes with e-TeX commands (HO)
)
\Hy@SavedSpaceFactor=\count198
 (c:/texlive/2021/texmf-dist/tex/latex/hyperref/puenc.def
File: puenc.def 2021-06-07 v7.00m Hyperref: PDF Unicode definition (HO)
Now handling font encoding PU ...
... no UTF-8 mapping file for font encoding PU
)
Package hyperref Info: Hyper figures OFF on input line 4192.
Package hyperref Info: Link nesting OFF on input line 4197.
Package hyperref Info: Hyper index ON on input line 4200.
Package hyperref Info: Plain pages OFF on input line 4207.
Package hyperref Info: Backreferencing OFF on input line 4212.
Package hyperref Info: Implicit mode ON; LaTeX internals redefined.
Package hyperref Info: Bookmarks ON on input line 4445.
\c@Hy@tempcnt=\count199
 (c:/texlive/2021/texmf-dist/tex/latex/url/url.sty
\Urlmuskip=\muskip16
Package: url 2013/09/16  ver 3.4  Verb mode for urls, etc.
)
LaTeX Info: Redefining \url on input line 4804.
\XeTeXLinkMargin=\dimen153
 (c:/texlive/2021/texmf-dist/tex/generic/bitset/bitset.sty
Package: bitset 2019/12/09 v1.3 Handle bit-vector datatype (HO)
 (c:/texlive/2021/texmf-dist/tex/generic/bigintcalc/bigintcalc.sty
Package: bigintcalc 2019/12/15 v1.5 Expandable calculations on big integers (HO)
))
\Fld@menulength=\count266
\Field@Width=\dimen154
\Fld@charsize=\dimen155
Package hyperref Info: Hyper figures OFF on input line 6076.
Package hyperref Info: Link nesting OFF on input line 6081.
Package hyperref Info: Hyper index ON on input line 6084.
Package hyperref Info: backreferencing OFF on input line 6091.
Package hyperref Info: Link coloring OFF on input line 6096.
Package hyperref Info: Link coloring with OCG OFF on input line 6101.
Package hyperref Info: PDF/A mode OFF on input line 6106.
LaTeX Info: Redefining \ref on input line 6146.
LaTeX Info: Redefining \pageref on input line 6150.
 (c:/texlive/2021/texmf-dist/tex/latex/base/atbegshi-ltx.sty
Package: atbegshi-ltx 2021/01/10 v1.0c Emulation of the original atbegshi
package with kernel methods
)
\Hy@abspage=\count267
\c@Item=\count268
\c@Hfootnote=\count269
)
Package hyperref Info: Driver (autodetected): hpdftex.
 (c:/texlive/2021/texmf-dist/tex/latex/hyperref/hpdftex.def
File: hpdftex.def 2021-06-07 v7.00m Hyperref driver for pdfTeX
 (c:/texlive/2021/texmf-dist/tex/latex/base/atveryend-ltx.sty
Package: atveryend-ltx 2020/08/19 v1.0a Emulation of the original atvery package
with kernel methods
)
\Fld@listcount=\count270
\c@bookmark@seq@number=\count271
 (c:/texlive/2021/texmf-dist/tex/latex/rerunfilecheck/rerunfilecheck.sty
Package: rerunfilecheck 2019/12/05 v1.9 Rerun checks for auxiliary files (HO)
 (c:/texlive/2021/texmf-dist/tex/generic/uniquecounter/uniquecounter.sty
Package: uniquecounter 2019/12/15 v1.4 Provide unlimited unique counter (HO)
)
Package uniquecounter Info: New unique counter `rerunfilecheck' on input line 286.
)
\Hy@SectionHShift=\skip53
) (c:/texlive/2021/texmf-dist/tex/latex/booktabs/booktabs.sty
Package: booktabs 2020/01/12 v1.61803398 Publication quality tables
\heavyrulewidth=\dimen156
\lightrulewidth=\dimen157
\cmidrulewidth=\dimen158
\belowrulesep=\dimen159
\belowbottomsep=\dimen160
\aboverulesep=\dimen161
\abovetopsep=\dimen162
\cmidrulesep=\dimen163
\cmidrulekern=\dimen164
\defaultaddspace=\dimen165
\@cmidla=\count272
\@cmidlb=\count273
\@aboverulesep=\dimen166
\@belowrulesep=\dimen167
\@thisruleclass=\count274
\@lastruleclass=\count275
\@thisrulewidth=\dimen168
) (c:/texlive/2021/texmf-dist/tex/latex/amsfonts/amsfonts.sty
Package: amsfonts 2013/01/14 v3.01 Basic AMSFonts support
\@emptytoks=\toks20
\symAMSa=\mathgroup4
\symAMSb=\mathgroup5
LaTeX Font Info:    Redeclaring math symbol \hbar on input line 98.
LaTeX Font Info:    Overwriting math alphabet `\mathfrak' in version `bold'
(Font)                  U/euf/m/n --> U/euf/b/n on input line 106.
) (c:/texlive/2021/texmf-dist/tex/latex/units/nicefrac.sty
Package: nicefrac 1998/08/04 v0.9b Nice fractions
\L@UnitsRaiseDisplaystyle=\skip54
\L@UnitsRaiseTextstyle=\skip55
\L@UnitsRaiseScriptstyle=\skip56
 (c:/texlive/2021/texmf-dist/tex/latex/base/ifthen.sty
Package: ifthen 2020/11/24 v1.1c Standard LaTeX ifthen package (DPC)
)) (c:/texlive/2021/texmf-dist/tex/latex/microtype/microtype.sty
Package: microtype 2021/03/14 v2.8c Micro-typographical refinements (RS)
\MT@toks=\toks21
\MT@count=\count276
LaTeX Info: Redefining \textls on input line 790.
\MT@outer@kern=\dimen169
LaTeX Info: Redefining \textmicrotypecontext on input line 1374.
\MT@listname@count=\count277
 (c:/texlive/2021/texmf-dist/tex/latex/microtype/microtype-pdftex.def
File: microtype-pdftex.def 2021/03/14 v2.8c Definitions specific to pdftex (RS)
LaTeX Info: Redefining \lsstyle on input line 915.
LaTeX Info: Redefining \lslig on input line 915.
\MT@outer@space=\skip57
)
Package microtype Info: Loading configuration file microtype.cfg.
 (c:/texlive/2021/texmf-dist/tex/latex/microtype/microtype.cfg
File: microtype.cfg 2021/03/14 v2.8c microtype main configuration file (RS)
)) (c:/texlive/2021/texmf-dist/tex/latex/graphics/graphicx.sty
Package: graphicx 2020/12/05 v1.2c Enhanced LaTeX Graphics (DPC,SPQR)
 (c:/texlive/2021/texmf-dist/tex/latex/graphics/graphics.sty
Package: graphics 2021/03/04 v1.4d Standard LaTeX Graphics (DPC,SPQR)
 (c:/texlive/2021/texmf-dist/tex/latex/graphics/trig.sty
Package: trig 2016/01/03 v1.10 sin cos tan (DPC)
) (c:/texlive/2021/texmf-dist/tex/latex/graphics-cfg/graphics.cfg
File: graphics.cfg 2016/06/04 v1.11 sample graphics configuration
)
Package graphics Info: Driver file: pdftex.def on input line 107.
 (c:/texlive/2021/texmf-dist/tex/latex/graphics-def/pdftex.def
File: pdftex.def 2020/10/05 v1.2a Graphics/color driver for pdftex
))
\Gin@req@height=\dimen170
\Gin@req@width=\dimen171
) (c:/texlive/2021/texmf-dist/tex/latex/placeins/placeins.sty
Package: placeins 2005/04/18  v 2.2
) (c:/texlive/2021/texmf-dist/tex/latex/l3backend/l3backend-pdftex.def
File: l3backend-pdftex.def 2021-10-12 L3 backend support: PDF output (pdfTeX)
\l__color_backend_stack_int=\count278
\l__pdf_internal_box=\box50
) (./raport.aux)
\openout1 = `raport.aux'.

LaTeX Font Info:    Checking defaults for OML/cmm/m/it on input line 25.
LaTeX Font Info:    ... okay on input line 25.
LaTeX Font Info:    Checking defaults for OMS/cmsy/m/n on input line 25.
LaTeX Font Info:    ... okay on input line 25.
LaTeX Font Info:    Checking defaults for OT1/cmr/m/n on input line 25.
LaTeX Font Info:    ... okay on input line 25.
LaTeX Font Info:    Checking defaults for T1/cmr/m/n on input line 25.
LaTeX Font Info:    ... okay on input line 25.
LaTeX Font Info:    Checking defaults for TS1/cmr/m/n on input line 25.
LaTeX Font Info:    ... okay on input line 25.
LaTeX Font Info:    Checking defaults for OMX/cmex/m/n on input line 25.
LaTeX Font Info:    ... okay on input line 25.
LaTeX Font Info:    Checking defaults for U/cmr/m/n on input line 25.
LaTeX Font Info:    ... okay on input line 25.
LaTeX Font Info:    Checking defaults for PD1/pdf/m/n on input line 25.
LaTeX Font Info:    ... okay on input line 25.
LaTeX Font Info:    Checking defaults for PU/pdf/m/n on input line 25.
LaTeX Font Info:    ... okay on input line 25.

*geometry* driver: auto-detecting
*geometry* detected driver: pdftex
*geometry* verbose mode - [ preamble ] result:
* driver: pdftex
* paper: letterpaper
* layout: <same size as paper>
* layoutoffset:(h,v)=(0.0pt,0.0pt)
* modes: 
* h-part:(L,W,R)=(92.14519pt, 430.00462pt, 92.14519pt)
* v-part:(T,H,B)=(95.39737pt, 556.47656pt, 143.09605pt)
* \paperwidth=614.295pt
* \paperheight=794.96999pt
* \textwidth=430.00462pt
* \textheight=556.47656pt
* \oddsidemargin=19.8752pt
* \evensidemargin=19.8752pt
* \topmargin=-13.87262pt
* \headheight=12.0pt
* \headsep=25.0pt
* \topskip=10.0pt
* \footskip=30.0pt
* \marginparwidth=65.0pt
* \marginparsep=11.0pt
* \columnsep=10.0pt
* \skip\footins=9.0pt plus 4.0pt minus 2.0pt
* \hoffset=0.0pt
* \voffset=0.0pt
* \mag=1000
* \@twocolumnfalse
* \@twosidefalse
* \@mparswitchfalse
* \@reversemarginfalse
* (1in=72.27pt=25.4mm, 1cm=28.453pt)

*geometry* verbose mode - [ newgeometry ] result:
* driver: pdftex
* paper: letterpaper
* layout: <same size as paper>
* layoutoffset:(h,v)=(0.0pt,0.0pt)
* modes: 
* h-part:(L,W,R)=(108.405pt, 397.48499pt, 108.40501pt)
* v-part:(T,H,B)=(72.26999pt, 650.43pt, 72.27pt)
* \paperwidth=614.295pt
* \paperheight=794.96999pt
* \textwidth=397.48499pt
* \textheight=650.43pt
* \oddsidemargin=36.13501pt
* \evensidemargin=36.13501pt
* \topmargin=-37.0pt
* \headheight=12.0pt
* \headsep=25.0pt
* \topskip=10.0pt
* \footskip=30.0pt
* \marginparwidth=65.0pt
* \marginparsep=11.0pt
* \columnsep=10.0pt
* \skip\footins=9.0pt plus 4.0pt minus 2.0pt
* \hoffset=0.0pt
* \voffset=0.0pt
* \mag=1000
* \@twocolumnfalse
* \@twosidefalse
* \@mparswitchfalse
* \@reversemarginfalse
* (1in=72.27pt=25.4mm, 1cm=28.453pt)

Package hyperref Info: Link coloring OFF on input line 25.
(c:/texlive/2021/texmf-dist/tex/latex/hyperref/nameref.sty
Package: nameref 2021-04-02 v2.47 Cross-referencing by name of section
 (c:/texlive/2021/texmf-dist/tex/latex/refcount/refcount.sty
Package: refcount 2019/12/15 v3.6 Data extraction from label references (HO)
) (c:/texlive/2021/texmf-dist/tex/generic/gettitlestring/gettitlestring.sty
Package: gettitlestring 2019/12/15 v1.6 Cleanup title references (HO)
)
\c@section@level=\count279
)
LaTeX Info: Redefining \ref on input line 25.
LaTeX Info: Redefining \pageref on input line 25.
LaTeX Info: Redefining \nameref on input line 25.
 (./raport.out) (./raport.out)
\@outlinefile=\write3
\openout3 = `raport.out'.

LaTeX Info: Redefining \microtypecontext on input line 25.
Package microtype Info: Generating PDF output.
Package microtype Info: Character protrusion enabled (level 2).
Package microtype Info: Using default protrusion set `alltext'.
Package microtype Info: Automatic font expansion enabled (level 2),
(microtype)             stretch: 20, shrink: 20, step: 1, non-selected.
Package microtype Info: Using default expansion set `alltext-nott'.
LaTeX Info: Redefining \showhyphens on input line 25.
Package microtype Info: No adjustment of tracking.
Package microtype Info: No adjustment of interword spacing.
Package microtype Info: No adjustment of character kerning.
 (c:/texlive/2021/texmf-dist/tex/latex/microtype/mt-ptm.cfg
File: mt-ptm.cfg 2006/04/20 v1.7 microtype config. file: Times (RS)
) (c:/texlive/2021/texmf-dist/tex/context/base/mkii/supp-pdf.mkii
[Loading MPS to PDF converter (version 2006.09.02).]
\scratchcounter=\count280
\scratchdimen=\dimen172
\scratchbox=\box51
\nofMPsegments=\count281
\nofMParguments=\count282
\everyMPshowfont=\toks22
\MPscratchCnt=\count283
\MPscratchDim=\dimen173
\MPnumerator=\count284
\makeMPintoPDFobject=\count285
\everyMPtoPDFconversion=\toks23
) (c:/texlive/2021/texmf-dist/tex/latex/epstopdf-pkg/epstopdf-base.sty
Package: epstopdf-base 2020-01-24 v2.11 Base part for package epstopdf
Package epstopdf-base Info: Redefining graphics rule for `.eps' on input line 485.
 (c:/texlive/2021/texmf-dist/tex/latex/latexconfig/epstopdf-sys.cfg
File: epstopdf-sys.cfg 2010/07/13 v1.3 Configuration of (r)epstopdf for TeX Live
)) (c:/texlive/2021/texmf-dist/tex/latex/microtype/mt-cmr.cfg
File: mt-cmr.cfg 2013/05/19 v2.2 microtype config. file: Computer Modern Roman (RS)
)
LaTeX Font Info:    Trying to load font information for U+msa on input line 28.
 (c:/texlive/2021/texmf-dist/tex/latex/amsfonts/umsa.fd
File: umsa.fd 2013/01/14 v3.01 AMS symbols A
) (c:/texlive/2021/texmf-dist/tex/latex/microtype/mt-msa.cfg
File: mt-msa.cfg 2006/02/04 v1.1 microtype config. file: AMS symbols (a) (RS)
)
LaTeX Font Info:    Trying to load font information for U+msb on input line 28.
 (c:/texlive/2021/texmf-dist/tex/latex/amsfonts/umsb.fd
File: umsb.fd 2013/01/14 v3.01 AMS symbols B
) (c:/texlive/2021/texmf-dist/tex/latex/microtype/mt-msb.cfg
File: mt-msb.cfg 2005/06/01 v1.0 microtype config. file: AMS symbols (b) (RS)
)
LaTeX Font Info:    Trying to load font information for T1+cmtt on input line 28.
 (c:/texlive/2021/texmf-dist/tex/latex/base/t1cmtt.fd
File: t1cmtt.fd 2019/12/16 v2.5j Standard LaTeX font definitions
)
Package microtype Info: Loading generic protrusion settings for font family
(microtype)             `cmtt' (encoding: T1).
(microtype)             For optimal results, create family-specific settings.
(microtype)             See the microtype manual for details.
 [1


{c:/texlive/2021/texmf-var/fonts/map/pdftex/updmap/pdftex.map}]
LaTeX Font Info:    Trying to load font information for TS1+ptm on input line 46.
 (c:/texlive/2021/texmf-dist/tex/latex/psnfss/ts1ptm.fd
File: ts1ptm.fd 2001/06/04 font definitions for TS1/ptm.
) [2]
<./images//mlp.png, id=68, 301.125pt x 413.29407pt>
File: ./images//mlp.png Graphic file (type png)
<use ./images//mlp.png>
Package pdftex.def Info: ./images//mlp.png  used on input line 101.
(pdftex.def)             Requested size: 397.48499pt x 545.6003pt.
 [3 <./images//mlp.png>] [4]
<./images//conv_compare.png, id=80, 309.40594pt x 410.2828pt>
File: ./images//conv_compare.png Graphic file (type png)
<use ./images//conv_compare.png>
Package pdftex.def Info: ./images//conv_compare.png  used on input line 141.
(pdftex.def)             Requested size: 397.48499pt x 527.12596pt.
 [5 <./images//conv_compare.png>]
Overfull \hbox (29.28209pt too wide) in paragraph at lines 157--166
 [][] 
 []

<./images//3_conv_3_max.png, id=86, 297.36093pt x 409.53pt>
File: ./images//3_conv_3_max.png Graphic file (type png)
<use ./images//3_conv_3_max.png>
Package pdftex.def Info: ./images//3_conv_3_max.png  used on input line 171.
(pdftex.def)             Requested size: 397.48499pt x 547.44882pt.

LaTeX Warning: `h' float specifier changed to `ht'.

<./images//2_conv_2_max.png, id=87, 313.17pt x 408.77719pt>
File: ./images//2_conv_2_max.png Graphic file (type png)
<use ./images//2_conv_2_max.png>
Package pdftex.def Info: ./images//2_conv_2_max.png  used on input line 177.
(pdftex.def)             Requested size: 397.48499pt x 518.8481pt.

LaTeX Warning: `h' float specifier changed to `ht'.

File: ./images//3_conv_3_max.png Graphic file (type png)
<use ./images//3_conv_3_max.png>
Package pdftex.def Info: ./images//3_conv_3_max.png  used on input line 183.
(pdftex.def)             Requested size: 397.48499pt x 547.44882pt.

LaTeX Warning: `h' float specifier changed to `ht'.

[6] [7 <./images//3_conv_3_max.png>] [8 <./images//2_conv_2_max.png>] [9]
Overfull \hbox (29.28209pt too wide) in paragraph at lines 201--210
 [][] 
 []

<./images//3_conv.png, id=111, 301.125pt x 407.27156pt>
File: ./images//3_conv.png Graphic file (type png)
<use ./images//3_conv.png>
Package pdftex.def Info: ./images//3_conv.png  used on input line 215.
(pdftex.def)             Requested size: 397.48499pt x 537.64983pt.
<./images//2_conv.png, id=112, 309.40594pt x 414.04688pt>
File: ./images//2_conv.png Graphic file (type png)
<use ./images//2_conv.png>
Package pdftex.def Info: ./images//2_conv.png  used on input line 221.
(pdftex.def)             Requested size: 397.48499pt x 531.96198pt.
<./images//1_conv.png, id=113, 302.63063pt x 411.78844pt>
File: ./images//1_conv.png Graphic file (type png)
<use ./images//1_conv.png>
Package pdftex.def Info: ./images//1_conv.png  used on input line 227.
(pdftex.def)             Requested size: 397.48499pt x 540.86055pt.
[10

] [11 <./images//3_conv.png>] [12 <./images//2_conv.png>] [13 <./images//1_conv.png>]
<./images//kernel_2_2.png, id=138, 297.36093pt x 408.02437pt>
File: ./images//kernel_2_2.png Graphic file (type png)
<use ./images//kernel_2_2.png>
Package pdftex.def Info: ./images//kernel_2_2.png  used on input line 264.
(pdftex.def)             Requested size: 397.48499pt x 545.43614pt.


LaTeX Warning: `h' float specifier changed to `ht'.

<./images//kernel_3_3.png, id=139, 295.85532pt x 414.04688pt>
File: ./images//kernel_3_3.png Graphic file (type png)
<use ./images//kernel_3_3.png>
Package pdftex.def Info: ./images//kernel_3_3.png  used on input line 270.
(pdftex.def)             Requested size: 397.48499pt x 556.29198pt.

LaTeX Warning: `h' float specifier changed to `ht'.

<./images//kernel_5_5.png, id=140, 317.68687pt x 409.53pt>
File: ./images//kernel_5_5.png Graphic file (type png)
<use ./images//kernel_5_5.png>
Package pdftex.def Info: ./images//kernel_5_5.png  used on input line 276.
(pdftex.def)             Requested size: 397.48499pt x 512.44238pt.

LaTeX Warning: `h' float specifier changed to `ht'.

<./images//kernel_7_7.png, id=141, 317.68687pt x 409.53pt>
File: ./images//kernel_7_7.png Graphic file (type png)
<use ./images//kernel_7_7.png>
Package pdftex.def Info: ./images//kernel_7_7.png  used on input line 282.
(pdftex.def)             Requested size: 397.48499pt x 512.44238pt.

LaTeX Warning: `h' float specifier changed to `ht'.

<./images//kernel_11_11.png, id=142, 290.58563pt x 403.5075pt>
File: ./images//kernel_11_11.png Graphic file (type png)
<use ./images//kernel_11_11.png>
Package pdftex.def Info: ./images//kernel_11_11.png  used on input line 289.
(pdftex.def)             Requested size: 397.48499pt x 551.98923pt.

LaTeX Warning: `h' float specifier changed to `ht'.

[14

] [15 <./images//kernel_2_2.png>] [16 <./images//kernel_3_3.png>] [17 <./images//kernel_5_5.png>] [18 <./images//kernel_7_7.png>] [19 <./images//kernel_11_11.png>]
Overfull \hbox (7.86194pt too wide) in paragraph at lines 309--319
 [][] 
 []

<./images//feature_32.png, id=180, 300.3722pt x 414.04688pt>
File: ./images//feature_32.png Graphic file (type png)
<use ./images//feature_32.png>
Package pdftex.def Info: ./images//feature_32.png  used on input line 324.
(pdftex.def)             Requested size: 397.48499pt x 547.95874pt.
<./images//feature_64.png, id=181, 298.11375pt x 411.78844pt>
File: ./images//feature_64.png Graphic file (type png)
<use ./images//feature_64.png>
Package pdftex.def Info: ./images//feature_64.png  used on input line 330.
(pdftex.def)             Requested size: 397.48499pt x 549.08548pt.
<./images//feature_128.png, id=182, 298.11375pt x 408.77719pt>
File: ./images//feature_128.png Graphic file (type png)
<use ./images//feature_128.png>
Package pdftex.def Info: ./images//feature_128.png  used on input line 336.
(pdftex.def)             Requested size: 397.48499pt x 545.07025pt.
<./images//feature_256.png, id=183, 300.3722pt x 404.26031pt>
File: ./images//feature_256.png Graphic file (type png)
<use ./images//feature_256.png>
Package pdftex.def Info: ./images//feature_256.png  used on input line 342.
(pdftex.def)             Requested size: 397.48499pt x 535.007pt.
[20

] [21 <./images//feature_32.png>] [22 <./images//feature_64.png>] [23 <./images//feature_128.png>] [24 <./images//feature_256.png>]
<./images//pooling_2_2.png, id=213, 294.34969pt x 405.01312pt>
File: ./images//pooling_2_2.png Graphic file (type png)
<use ./images//pooling_2_2.png>
Package pdftex.def Info: ./images//pooling_2_2.png  used on input line 376.
(pdftex.def)             Requested size: 397.48499pt x 546.9295pt.


LaTeX Warning: `h' float specifier changed to `ht'.

<./images//pooling_3_3.png, id=214, 293.59688pt x 404.26031pt>
File: ./images//pooling_3_3.png Graphic file (type png)
<use ./images//pooling_3_3.png>
Package pdftex.def Info: ./images//pooling_3_3.png  used on input line 382.
(pdftex.def)             Requested size: 397.48499pt x 547.307pt.

LaTeX Warning: `h' float specifier changed to `ht'.

<./images//pooling_5_5.png, id=215, 301.8778pt x 407.27156pt>
File: ./images//pooling_5_5.png Graphic file (type png)
<use ./images//pooling_5_5.png>
Package pdftex.def Info: ./images//pooling_5_5.png  used on input line 388.
(pdftex.def)             Requested size: 397.48499pt x 536.25778pt.

LaTeX Warning: `h' float specifier changed to `ht'.

<./images//pooling_10_10.png, id=216, 293.59688pt x 406.51875pt>
File: ./images//pooling_10_10.png Graphic file (type png)
<use ./images//pooling_10_10.png>
Package pdftex.def Info: ./images//pooling_10_10.png  used on input line 394.
(pdftex.def)             Requested size: 397.48499pt x 550.36458pt.

LaTeX Warning: `h' float specifier changed to `ht'.

<./images//pooling_max_2_2.png, id=217, 296.60812pt x 407.27156pt>
File: ./images//pooling_max_2_2.png Graphic file (type png)
<use ./images//pooling_max_2_2.png>
Package pdftex.def Info: ./images//pooling_max_2_2.png  used on input line 420.
(pdftex.def)             Requested size: 397.48499pt x 545.8094pt.
<./images//pooling_max_3_3.png, id=218, 302.63063pt x 408.77719pt>
File: ./images//pooling_max_3_3.png Graphic file (type png)
<use ./images//pooling_max_3_3.png>
Package pdftex.def Info: ./images//pooling_max_3_3.png  used on input line 426.
(pdftex.def)             Requested size: 397.48499pt x 536.90546pt.
<./images//pooling_max_5_5.png, id=219, 301.8778pt x 410.2828pt>
File: ./images//pooling_max_5_5.png Graphic file (type png)
<use ./images//pooling_max_5_5.png>
Package pdftex.def Info: ./images//pooling_max_5_5.png  used on input line 432.
(pdftex.def)             Requested size: 397.48499pt x 540.22273pt.
<./images//pooling_max_10_10.png, id=220, 283.81032pt x 405.76593pt>
File: ./images//pooling_max_10_10.png Graphic file (type png)
<use ./images//pooling_max_10_10.png>
Package pdftex.def Info: ./images//pooling_max_10_10.png  used on input line 438.
(pdftex.def)             Requested size: 397.48499pt x 568.34085pt.
[25

] [26 <./images//pooling_2_2.png>] [27 <./images//pooling_3_3.png>] [28 <./images//pooling_5_5.png>] [29 <./images//pooling_10_10.png>] [30 <./images//pooling_max_2_2.png>] [31 <./images//pooling_max_3_3.png>] [32 <./images//pooling_max_5_5.png>] [33 <./images//pooling_max_10_10.png>] [34

] (./raport.aux)
Package rerunfilecheck Info: File `raport.out' has not changed.
(rerunfilecheck)             Checksum: C2F9CE430300BC9685DCE3FFEF542F85;2313.
 ) 
Here is how much of TeX's memory you used:
 12157 strings out of 478599
 188253 string characters out of 5858100
 541936 words of memory out of 5000000
 29662 multiletter control sequences out of 15000+600000
 425623 words of font info for 108 fonts, out of 8000000 for 9000
 1141 hyphenation exceptions out of 8191
 72i,8n,80p,503b,360s stack positions out of 5000i,500n,10000p,200000b,80000s
{c:/texlive/2021/texmf-dist/fonts/enc/dvips/base/8r.enc}{c:/texlive/2021/texmf-dist/fonts/enc/dvips/cm-super/cm-super-t1.enc}<c:/texlive/2021/texmf-dist/fonts/type1/public/amsfonts/cm/cmmi10.pfb><c:/texlive/2021/texmf-dist/fonts/type1/public/amsfonts/cm/cmr10.pfb><c:/texlive/2021/texmf-dist/fonts/type1/public/cm-super/sftt1000.pfb><c:/texlive/2021/texmf-dist/fonts/type1/urw/times/utmb8a.pfb><c:/texlive/2021/texmf-dist/fonts/type1/urw/times/utmr8a.pfb>
Output written on raport.pdf (34 pages, 697697 bytes).
PDF statistics:
 326 PDF objects out of 1000 (max. 8388607)
 229 compressed objects within 3 object streams
 78 named destinations out of 1000 (max. 500000)
 26841 words of extra memory for PDF output out of 29859 (max. 10000000)

